This file contains any messages produced by compilers while
running configure, to aid debugging if configure makes a mistake.

It was created by convert_geotiff configure 0.1.0, which was
generated by GNU Autoconf 2.69.  Invocation command line was

  $ ./configure 

## --------- ##
## Platform. ##
## --------- ##

hostname = sinto.local
uname -m = x86_64
uname -r = 21.5.0
uname -s = Darwin
uname -v = Darwin Kernel Version 21.5.0: Tue Apr 26 21:08:22 PDT 2022; root:xnu-8020.121.3~4/RELEASE_X86_64

/usr/bin/uname -p = i386
/bin/uname -X     = unknown

/bin/arch              = unknown
/usr/bin/arch -k       = unknown
/usr/convex/getsysinfo = unknown
/usr/bin/hostinfo      = Mach kernel version:
	 Darwin Kernel Version 21.5.0: Tue Apr 26 21:08:22 PDT 2022; root:xnu-8020.121.3~4/RELEASE_X86_64
Kernel configured for up to 4 processors.
2 processors are physically available.
4 processors are logically available.
Processor type: x86_64h (Intel x86-64h Haswell)
Processors active: 0 1 2 3
Primary memory available: 8.00 gigabytes
Default processor set: 640 tasks, 2863 threads, 4 processors
Load average: 2.84, Mach factor: 1.93
/bin/machine           = unknown
/usr/bin/oslevel       = unknown
/bin/universe          = unknown

PATH: /Users/daniel/opt/anaconda3/condabin
PATH: /usr/local/bin
PATH: /usr/bin
PATH: /bin
PATH: /usr/sbin
PATH: /sbin
PATH: /Library/TeX/texbin
PATH: /opt/X11/bin


## ----------- ##
## Core tests. ##
## ----------- ##

configure:2175: checking for a BSD-compatible install
configure:2243: result: /usr/bin/install -c
configure:2254: checking whether build environment is sane
configure:2309: result: yes
configure:2460: checking for a thread-safe mkdir -p
configure:2499: result: ./install-sh -c -d
configure:2506: checking for gawk
configure:2536: result: no
configure:2506: checking for mawk
configure:2536: result: no
configure:2506: checking for nawk
configure:2536: result: no
configure:2506: checking for awk
configure:2522: found /usr/bin/awk
configure:2533: result: awk
configure:2544: checking whether make sets $(MAKE)
configure:2566: result: yes
configure:2595: checking whether make supports nested variables
configure:2612: result: yes
configure:2786: checking for gcc
configure:2802: found /usr/bin/gcc
configure:2813: result: gcc
configure:3042: checking for C compiler version
configure:3051: gcc --version >&5
Apple clang version 13.1.6 (clang-1316.0.21.2.5)
Target: x86_64-apple-darwin21.5.0
Thread model: posix
InstalledDir: /Library/Developer/CommandLineTools/usr/bin
configure:3062: $? = 0
configure:3051: gcc -v >&5
Apple clang version 13.1.6 (clang-1316.0.21.2.5)
Target: x86_64-apple-darwin21.5.0
Thread model: posix
InstalledDir: /Library/Developer/CommandLineTools/usr/bin
configure:3062: $? = 0
configure:3051: gcc -V >&5
clang: error: argument to '-V' is missing (expected 1 value)
clang: error: no input files
configure:3062: $? = 1
configure:3051: gcc -qversion >&5
clang: error: unknown argument '-qversion'; did you mean '--version'?
clang: error: no input files
configure:3062: $? = 1
configure:3082: checking whether the C compiler works
configure:3104: gcc    conftest.c  >&5
configure:3108: $? = 0
configure:3156: result: yes
configure:3159: checking for C compiler default output file name
configure:3161: result: a.out
configure:3167: checking for suffix of executables
configure:3174: gcc -o conftest    conftest.c  >&5
configure:3178: $? = 0
configure:3200: result: 
configure:3222: checking whether we are cross compiling
configure:3230: gcc -o conftest    conftest.c  >&5
configure:3234: $? = 0
configure:3241: ./conftest
configure:3245: $? = 0
configure:3260: result: no
configure:3265: checking for suffix of object files
configure:3287: gcc -c   conftest.c >&5
configure:3291: $? = 0
configure:3312: result: o
configure:3316: checking whether we are using the GNU C compiler
configure:3335: gcc -c   conftest.c >&5
configure:3335: $? = 0
configure:3344: result: yes
configure:3353: checking whether gcc accepts -g
configure:3373: gcc -c -g  conftest.c >&5
configure:3373: $? = 0
configure:3414: result: yes
configure:3431: checking for gcc option to accept ISO C89
configure:3494: gcc  -c -g -O2  conftest.c >&5
configure:3494: $? = 0
configure:3507: result: none needed
configure:3532: checking whether gcc understands -c and -o together
configure:3554: gcc -c conftest.c -o conftest2.o
configure:3557: $? = 0
configure:3554: gcc -c conftest.c -o conftest2.o
configure:3557: $? = 0
configure:3569: result: yes
configure:3597: checking for style of include used by make
configure:3625: result: GNU
configure:3651: checking dependency style of gcc
configure:3762: result: gcc3
configure:3779: checking for ceil in -lm
configure:3804: gcc -o conftest -g -O2   conftest.c -lm   >&5
conftest.c:18:6: warning: incompatible redeclaration of library function 'ceil' [-Wincompatible-library-redeclaration]
char ceil ();
     ^
conftest.c:18:6: note: 'ceil' is a builtin with type 'double (double)'
1 warning generated.
configure:3804: $? = 0
configure:3813: result: yes
configure:3826: checking for libtiff
configure:3828: checking for TIFFGetField in -ltiff
configure:3853: gcc -o conftest -g -O2   conftest.c -ltiff  -lm  >&5
configure:3853: $? = 0
configure:3862: result: yes
configure:3871: checking for BigTIFF
configure:3873: checking for TIFFScanlineSize64 in -ltiff
configure:3898: gcc -o conftest -g -O2   conftest.c -ltiff  -lm  >&5
configure:3898: $? = 0
configure:3907: result: yes
configure:3917: checking for geotiff
configure:3919: checking for GTIFNew in -lgeotiff
configure:3944: gcc -o conftest -g -O2   conftest.c -lgeotiff  -lm  >&5
configure:3944: $? = 0
configure:3953: result: yes
configure:3962: checking for geotiff header style
configure:3969: checking how to run the C preprocessor
configure:4000: gcc -E  conftest.c
configure:4000: $? = 0
configure:4014: gcc -E  conftest.c
conftest.c:12:10: fatal error: 'ac_nonexistent.h' file not found
#include <ac_nonexistent.h>
         ^~~~~~~~~~~~~~~~~~
1 error generated.
configure:4014: $? = 1
configure: failed program was:
| /* confdefs.h */
| #define PACKAGE_NAME "convert_geotiff"
| #define PACKAGE_TARNAME "convert_geotiff"
| #define PACKAGE_VERSION "0.1.0"
| #define PACKAGE_STRING "convert_geotiff 0.1.0"
| #define PACKAGE_BUGREPORT "jon.beezley@gmail.com"
| #define PACKAGE_URL "https://github.com/jbeezley/convert_geotiff"
| #define PACKAGE "convert_geotiff"
| #define VERSION "0.1.0"
| #define HAVE_LIBM 1
| /* end confdefs.h.  */
| #include <ac_nonexistent.h>
configure:4039: result: gcc -E
configure:4059: gcc -E  conftest.c
configure:4059: $? = 0
configure:4073: gcc -E  conftest.c
conftest.c:12:10: fatal error: 'ac_nonexistent.h' file not found
#include <ac_nonexistent.h>
         ^~~~~~~~~~~~~~~~~~
1 error generated.
configure:4073: $? = 1
configure: failed program was:
| /* confdefs.h */
| #define PACKAGE_NAME "convert_geotiff"
| #define PACKAGE_TARNAME "convert_geotiff"
| #define PACKAGE_VERSION "0.1.0"
| #define PACKAGE_STRING "convert_geotiff 0.1.0"
| #define PACKAGE_BUGREPORT "jon.beezley@gmail.com"
| #define PACKAGE_URL "https://github.com/jbeezley/convert_geotiff"
| #define PACKAGE "convert_geotiff"
| #define VERSION "0.1.0"
| #define HAVE_LIBM 1
| /* end confdefs.h.  */
| #include <ac_nonexistent.h>
configure:4102: checking for grep that handles long lines and -e
configure:4160: result: /usr/bin/grep
configure:4165: checking for egrep
configure:4227: result: /usr/bin/grep -E
configure:4232: checking for ANSI C header files
configure:4252: gcc -c -g -O2  conftest.c >&5
configure:4252: $? = 0
configure:4325: gcc -o conftest -g -O2   conftest.c -lm  >&5
configure:4325: $? = 0
configure:4325: ./conftest
configure:4325: $? = 0
configure:4336: result: yes
configure:4349: checking for sys/types.h
configure:4349: gcc -c -g -O2  conftest.c >&5
configure:4349: $? = 0
configure:4349: result: yes
configure:4349: checking for sys/stat.h
configure:4349: gcc -c -g -O2  conftest.c >&5
configure:4349: $? = 0
configure:4349: result: yes
configure:4349: checking for stdlib.h
configure:4349: gcc -c -g -O2  conftest.c >&5
configure:4349: $? = 0
configure:4349: result: yes
configure:4349: checking for string.h
configure:4349: gcc -c -g -O2  conftest.c >&5
configure:4349: $? = 0
configure:4349: result: yes
configure:4349: checking for memory.h
configure:4349: gcc -c -g -O2  conftest.c >&5
configure:4349: $? = 0
configure:4349: result: yes
configure:4349: checking for strings.h
configure:4349: gcc -c -g -O2  conftest.c >&5
configure:4349: $? = 0
configure:4349: result: yes
configure:4349: checking for inttypes.h
configure:4349: gcc -c -g -O2  conftest.c >&5
configure:4349: $? = 0
configure:4349: result: yes
configure:4349: checking for stdint.h
configure:4349: gcc -c -g -O2  conftest.c >&5
configure:4349: $? = 0
configure:4349: result: yes
configure:4349: checking for unistd.h
configure:4349: gcc -c -g -O2  conftest.c >&5
configure:4349: $? = 0
configure:4349: result: yes
configure:4361: checking geotiffio.h usability
configure:4361: gcc -c -g -O2  conftest.c >&5
configure:4361: $? = 0
configure:4361: result: yes
configure:4361: checking geotiffio.h presence
configure:4361: gcc -E  conftest.c
configure:4361: $? = 0
configure:4361: result: yes
configure:4361: checking for geotiffio.h
configure:4361: result: yes
configure:4364: checking for libproj
configure:4366: checking whether HAVE_LIBPROJ is declared
configure:4366: gcc -c -g -O2  conftest.c >&5
conftest.c:31:10: error: use of undeclared identifier 'HAVE_LIBPROJ'
  (void) HAVE_LIBPROJ;
         ^
1 error generated.
configure:4366: $? = 1
configure: failed program was:
| /* confdefs.h */
| #define PACKAGE_NAME "convert_geotiff"
| #define PACKAGE_TARNAME "convert_geotiff"
| #define PACKAGE_VERSION "0.1.0"
| #define PACKAGE_STRING "convert_geotiff 0.1.0"
| #define PACKAGE_BUGREPORT "jon.beezley@gmail.com"
| #define PACKAGE_URL "https://github.com/jbeezley/convert_geotiff"
| #define PACKAGE "convert_geotiff"
| #define VERSION "0.1.0"
| #define HAVE_LIBM 1
| #define STDC_HEADERS 1
| #define HAVE_SYS_TYPES_H 1
| #define HAVE_SYS_STAT_H 1
| #define HAVE_STDLIB_H 1
| #define HAVE_STRING_H 1
| #define HAVE_MEMORY_H 1
| #define HAVE_STRINGS_H 1
| #define HAVE_INTTYPES_H 1
| #define HAVE_STDINT_H 1
| #define HAVE_UNISTD_H 1
| /* end confdefs.h.  */
| #include <geo_config.h>
| 
| int
| main ()
| {
| #ifndef HAVE_LIBPROJ
| #ifdef __cplusplus
|   (void) HAVE_LIBPROJ;
| #else
|   (void) HAVE_LIBPROJ;
| #endif
| #endif
| 
|   ;
|   return 0;
| }
configure:4366: result: no
configure:4371: WARNING: libproj support is not compiled into geotiff.  convert_geotiff will not be able to work with projected files.
configure:4405: checking whether to enable maintainer-specific portions of Makefiles
configure:4414: result: yes
configure:4574: checking that generated files are newer than configure
configure:4580: result: done
configure:4607: creating ./config.status

## ---------------------- ##
## Running config.status. ##
## ---------------------- ##

This file was extended by convert_geotiff config.status 0.1.0, which was
generated by GNU Autoconf 2.69.  Invocation command line was

  CONFIG_FILES    = 
  CONFIG_HEADERS  = 
  CONFIG_LINKS    = 
  CONFIG_COMMANDS = 
  $ ./config.status 

on sinto.local

config.status:782: creating Makefile
config.status:954: executing depfiles commands

## ---------------- ##
## Cache variables. ##
## ---------------- ##

ac_cv_c_compiler_gnu=yes
ac_cv_env_CC_set=
ac_cv_env_CC_value=
ac_cv_env_CFLAGS_set=
ac_cv_env_CFLAGS_value=
ac_cv_env_CPPFLAGS_set=
ac_cv_env_CPPFLAGS_value=
ac_cv_env_CPP_set=
ac_cv_env_CPP_value=
ac_cv_env_LDFLAGS_set=
ac_cv_env_LDFLAGS_value=
ac_cv_env_LIBS_set=
ac_cv_env_LIBS_value=
ac_cv_env_build_alias_set=
ac_cv_env_build_alias_value=
ac_cv_env_host_alias_set=
ac_cv_env_host_alias_value=
ac_cv_env_target_alias_set=
ac_cv_env_target_alias_value=
ac_cv_have_decl_HAVE_LIBPROJ=no
ac_cv_header_geotiffio_h=yes
ac_cv_header_inttypes_h=yes
ac_cv_header_memory_h=yes
ac_cv_header_stdc=yes
ac_cv_header_stdint_h=yes
ac_cv_header_stdlib_h=yes
ac_cv_header_string_h=yes
ac_cv_header_strings_h=yes
ac_cv_header_sys_stat_h=yes
ac_cv_header_sys_types_h=yes
ac_cv_header_unistd_h=yes
ac_cv_lib_geotiff_GTIFNew=yes
ac_cv_lib_m_ceil=yes
ac_cv_lib_tiff_TIFFGetField=yes
ac_cv_lib_tiff_TIFFScanlineSize64=yes
ac_cv_objext=o
ac_cv_path_EGREP='/usr/bin/grep -E'
ac_cv_path_GREP=/usr/bin/grep
ac_cv_path_install='/usr/bin/install -c'
ac_cv_prog_AWK=awk
ac_cv_prog_CPP='gcc -E'
ac_cv_prog_ac_ct_CC=gcc
ac_cv_prog_cc_c89=
ac_cv_prog_cc_g=yes
ac_cv_prog_make_make_set=yes
am_cv_CC_dependencies_compiler_type=gcc3
am_cv_make_support_nested_variables=yes
am_cv_prog_cc_c_o=yes

## ----------------- ##
## Output variables. ##
## ----------------- ##

ACLOCAL='${SHELL} /Users/daniel/Scripts/convert_geotiff/missing aclocal-1.14'
AMDEPBACKSLASH='\'
AMDEP_FALSE='#'
AMDEP_TRUE=''
AMTAR='$${TAR-tar}'
AM_BACKSLASH='\'
AM_DEFAULT_V='$(AM_DEFAULT_VERBOSITY)'
AM_DEFAULT_VERBOSITY='1'
AM_V='$(V)'
AUTOCONF='${SHELL} /Users/daniel/Scripts/convert_geotiff/missing autoconf'
AUTOHEADER='${SHELL} /Users/daniel/Scripts/convert_geotiff/missing autoheader'
AUTOMAKE='${SHELL} /Users/daniel/Scripts/convert_geotiff/missing automake-1.14'
AWK='awk'
CC='gcc'
CCDEPMODE='depmode=gcc3'
CFLAGS='-g -O2'
CPP='gcc -E'
CPPFLAGS=''
CYGPATH_W='echo'
DEFS='-DPACKAGE_NAME=\"convert_geotiff\" -DPACKAGE_TARNAME=\"convert_geotiff\" -DPACKAGE_VERSION=\"0.1.0\" -DPACKAGE_STRING=\"convert_geotiff\ 0.1.0\" -DPACKAGE_BUGREPORT=\"jon.beezley@gmail.com\" -DPACKAGE_URL=\"https://github.com/jbeezley/convert_geotiff\" -DPACKAGE=\"convert_geotiff\" -DVERSION=\"0.1.0\" -DHAVE_LIBM=1 -DSTDC_HEADERS=1 -DHAVE_SYS_TYPES_H=1 -DHAVE_SYS_STAT_H=1 -DHAVE_STDLIB_H=1 -DHAVE_STRING_H=1 -DHAVE_MEMORY_H=1 -DHAVE_STRINGS_H=1 -DHAVE_INTTYPES_H=1 -DHAVE_STDINT_H=1 -DHAVE_UNISTD_H=1'
DEPDIR='.deps'
ECHO_C='\c'
ECHO_N=''
ECHO_T=''
EGREP='/usr/bin/grep -E'
EXEEXT=''
EXTRA_INCLUDES=''
GREP='/usr/bin/grep'
INSTALL_DATA='${INSTALL} -m 644'
INSTALL_PROGRAM='${INSTALL}'
INSTALL_SCRIPT='${INSTALL}'
INSTALL_STRIP_PROGRAM='$(install_sh) -c -s'
LDFLAGS=''
LIBOBJS=''
LIBS='-lm  -lgeotiff -ltiff'
LTLIBOBJS=''
MAINT=''
MAINTAINER_MODE_FALSE='#'
MAINTAINER_MODE_TRUE=''
MAKEINFO='${SHELL} /Users/daniel/Scripts/convert_geotiff/missing makeinfo'
MKDIR_P='./install-sh -c -d'
OBJEXT='o'
PACKAGE='convert_geotiff'
PACKAGE_BUGREPORT='jon.beezley@gmail.com'
PACKAGE_NAME='convert_geotiff'
PACKAGE_STRING='convert_geotiff 0.1.0'
PACKAGE_TARNAME='convert_geotiff'
PACKAGE_URL='https://github.com/jbeezley/convert_geotiff'
PACKAGE_VERSION='0.1.0'
PATH_SEPARATOR=':'
SET_MAKE=''
SHELL='/bin/sh'
STRIP=''
VERSION='0.1.0'
ac_ct_CC='gcc'
am__EXEEXT_FALSE=''
am__EXEEXT_TRUE='#'
am__fastdepCC_FALSE='#'
am__fastdepCC_TRUE=''
am__include='include'
am__isrc=''
am__leading_dot='.'
am__nodep='_no'
am__quote=''
am__tar='$${TAR-tar} chof - "$$tardir"'
am__untar='$${TAR-tar} xf -'
bindir='${exec_prefix}/bin'
build_alias=''
datadir='${datarootdir}'
datarootdir='${prefix}/share'
docdir='${datarootdir}/doc/${PACKAGE_TARNAME}'
dvidir='${docdir}'
exec_prefix='${prefix}'
host_alias=''
htmldir='${docdir}'
includedir='${prefix}/include'
infodir='${datarootdir}/info'
install_sh='${SHELL} /Users/daniel/Scripts/convert_geotiff/install-sh'
libdir='${exec_prefix}/lib'
libexecdir='${exec_prefix}/libexec'
localedir='${datarootdir}/locale'
localstatedir='${prefix}/var'
mandir='${datarootdir}/man'
mkdir_p='$(MKDIR_P)'
oldincludedir='/usr/include'
pdfdir='${docdir}'
prefix='/usr/local'
program_transform_name='s,x,x,'
psdir='${docdir}'
sbindir='${exec_prefix}/sbin'
sharedstatedir='${prefix}/com'
sysconfdir='${prefix}/etc'
target_alias=''

## ----------- ##
## confdefs.h. ##
## ----------- ##

/* confdefs.h */
#define PACKAGE_NAME "convert_geotiff"
#define PACKAGE_TARNAME "convert_geotiff"
#define PACKAGE_VERSION "0.1.0"
#define PACKAGE_STRING "convert_geotiff 0.1.0"
#define PACKAGE_BUGREPORT "jon.beezley@gmail.com"
#define PACKAGE_URL "https://github.com/jbeezley/convert_geotiff"
#define PACKAGE "convert_geotiff"
#define VERSION "0.1.0"
#define HAVE_LIBM 1
#define STDC_HEADERS 1
#define HAVE_SYS_TYPES_H 1
#define HAVE_SYS_STAT_H 1
#define HAVE_STDLIB_H 1
#define HAVE_STRING_H 1
#define HAVE_MEMORY_H 1
#define HAVE_STRINGS_H 1
#define HAVE_INTTYPES_H 1
#define HAVE_STDINT_H 1
#define HAVE_UNISTD_H 1

configure: exit 0
